0 info it worked if it ends with ok
1 verbose cli [ 'C:\\Program Files\\nodejs\\node.exe',
1 verbose cli   'C:\\Program Files\\nodejs\\node_modules\\npm\\bin\\npm-cli.js',
1 verbose cli   'install' ]
2 info using npm@2.15.5
3 info using node@v4.4.5
4 verbose readDependencies loading dependencies from C:\Users\Kizuku\Documents\AngularJSTutorial\package.json
5 verbose install where, deps [ 'C:\\Users\\Kizuku\\Documents\\AngularJSTutorial',
5 verbose install   [ 'bower',
5 verbose install     'http-server',
5 verbose install     'jasmine-core',
5 verbose install     'karma',
5 verbose install     'karma-chrome-launcher',
5 verbose install     'karma-firefox-launcher',
5 verbose install     'protractor' ] ]
6 verbose install where, peers [ 'C:\\Users\\Kizuku\\Documents\\AngularJSTutorial', [] ]
7 verbose installManyTop reading for lifecycle C:\Users\Kizuku\Documents\AngularJSTutorial\package.json
8 info preinstall AngularJSTutorial@0.0.0
9 verbose installManyTop reading scoped package data from C:\Users\Kizuku\Documents\AngularJSTutorial\node_modules\bower\package.json
10 verbose installManyTop reading scoped package data from C:\Users\Kizuku\Documents\AngularJSTutorial\node_modules\http-server\package.json
11 verbose installManyTop reading scoped package data from C:\Users\Kizuku\Documents\AngularJSTutorial\node_modules\jasmine-core\package.json
12 verbose installManyTop reading scoped package data from C:\Users\Kizuku\Documents\AngularJSTutorial\node_modules\karma\package.json
13 verbose installManyTop reading scoped package data from C:\Users\Kizuku\Documents\AngularJSTutorial\node_modules\karma-chrome-launcher\package.json
14 verbose installManyTop reading scoped package data from C:\Users\Kizuku\Documents\AngularJSTutorial\node_modules\karma-firefox-launcher\package.json
15 verbose installManyTop reading scoped package data from C:\Users\Kizuku\Documents\AngularJSTutorial\node_modules\protractor\package.json
16 verbose readDependencies loading dependencies from C:\Users\Kizuku\Documents\AngularJSTutorial\package.json
17 verbose targetResolver reading package data from C:\Users\Kizuku\Documents\AngularJSTutorial\node_modules\bower\package.json
18 verbose targetResolver reading package data from C:\Users\Kizuku\Documents\AngularJSTutorial\node_modules\http-server\package.json
19 verbose targetResolver reading package data from C:\Users\Kizuku\Documents\AngularJSTutorial\node_modules\jasmine-core\package.json
20 verbose targetResolver reading package data from C:\Users\Kizuku\Documents\AngularJSTutorial\node_modules\karma\package.json
21 verbose targetResolver reading package data from C:\Users\Kizuku\Documents\AngularJSTutorial\node_modules\karma-chrome-launcher\package.json
22 verbose targetResolver reading package data from C:\Users\Kizuku\Documents\AngularJSTutorial\node_modules\karma-firefox-launcher\package.json
23 verbose targetResolver reading package data from C:\Users\Kizuku\Documents\AngularJSTutorial\node_modules\protractor\package.json
24 verbose targetResolver reading package data from C:\Users\Kizuku\Documents\AngularJSTutorial\node_modules\.bin\bower\package.json
25 verbose targetResolver reading package data from C:\Users\Kizuku\Documents\AngularJSTutorial\node_modules\.bin\bower.cmd\package.json
26 verbose targetResolver reading package data from C:\Users\Kizuku\Documents\AngularJSTutorial\node_modules\.bin\hs\package.json
27 verbose targetResolver reading package data from C:\Users\Kizuku\Documents\AngularJSTutorial\node_modules\.bin\hs.cmd\package.json
28 verbose targetResolver reading package data from C:\Users\Kizuku\Documents\AngularJSTutorial\node_modules\.bin\http-server\package.json
29 verbose targetResolver reading package data from C:\Users\Kizuku\Documents\AngularJSTutorial\node_modules\.bin\http-server.cmd\package.json
30 verbose targetResolver reading package data from C:\Users\Kizuku\Documents\AngularJSTutorial\node_modules\.bin\karma\package.json
31 verbose targetResolver reading package data from C:\Users\Kizuku\Documents\AngularJSTutorial\node_modules\.bin\karma.cmd\package.json
32 verbose targetResolver reading package data from C:\Users\Kizuku\Documents\AngularJSTutorial\node_modules\.bin\protractor\package.json
33 verbose targetResolver reading package data from C:\Users\Kizuku\Documents\AngularJSTutorial\node_modules\.bin\protractor.cmd\package.json
34 verbose targetResolver reading package data from C:\Users\Kizuku\Documents\AngularJSTutorial\node_modules\.bin\webdriver-manager\package.json
35 verbose targetResolver reading package data from C:\Users\Kizuku\Documents\AngularJSTutorial\node_modules\.bin\webdriver-manager.cmd\package.json
36 verbose already installed skipping karma@^0.13.22 C:\Users\Kizuku\Documents\AngularJSTutorial
37 verbose already installed skipping karma-chrome-launcher@^0.2.3 C:\Users\Kizuku\Documents\AngularJSTutorial
38 verbose already installed skipping karma-firefox-launcher@^0.1.7 C:\Users\Kizuku\Documents\AngularJSTutorial
39 verbose already installed skipping protractor@^3.2.2 C:\Users\Kizuku\Documents\AngularJSTutorial
40 verbose already installed skipping bower@^1.7.7 C:\Users\Kizuku\Documents\AngularJSTutorial
41 verbose already installed skipping http-server@^0.9.0 C:\Users\Kizuku\Documents\AngularJSTutorial
42 verbose already installed skipping jasmine-core@^2.4.1 C:\Users\Kizuku\Documents\AngularJSTutorial
43 silly install resolved []
44 info build C:\Users\Kizuku\Documents\AngularJSTutorial
45 info linkStuff AngularJSTutorial@0.0.0
46 silly linkStuff AngularJSTutorial@0.0.0 has C:\Users\Kizuku\Documents as its parent node_modules
47 verbose linkBins AngularJSTutorial@0.0.0
48 verbose linkMans AngularJSTutorial@0.0.0
49 verbose rebuildBundles AngularJSTutorial@0.0.0
50 verbose rebuildBundles [ '.bin',
50 verbose rebuildBundles   'bower',
50 verbose rebuildBundles   'http-server',
50 verbose rebuildBundles   'jasmine-core',
50 verbose rebuildBundles   'karma',
50 verbose rebuildBundles   'karma-chrome-launcher',
50 verbose rebuildBundles   'karma-firefox-launcher',
50 verbose rebuildBundles   'protractor' ]
51 info install AngularJSTutorial@0.0.0
52 info postinstall AngularJSTutorial@0.0.0
53 verbose unsafe-perm in lifecycle true
54 info AngularJSTutorial@0.0.0 Failed to exec postinstall script
55 verbose stack Error: AngularJSTutorial@0.0.0 postinstall: `bower install`
55 verbose stack Exit status 1
55 verbose stack     at EventEmitter.<anonymous> (C:\Program Files\nodejs\node_modules\npm\lib\utils\lifecycle.js:217:16)
55 verbose stack     at emitTwo (events.js:87:13)
55 verbose stack     at EventEmitter.emit (events.js:172:7)
55 verbose stack     at ChildProcess.<anonymous> (C:\Program Files\nodejs\node_modules\npm\lib\utils\spawn.js:24:14)
55 verbose stack     at emitTwo (events.js:87:13)
55 verbose stack     at ChildProcess.emit (events.js:172:7)
55 verbose stack     at maybeClose (internal/child_process.js:827:16)
55 verbose stack     at Process.ChildProcess._handle.onexit (internal/child_process.js:211:5)
56 verbose pkgid AngularJSTutorial@0.0.0
57 verbose cwd C:\Users\Kizuku\Documents\AngularJSTutorial
58 error Windows_NT 6.1.7601
59 error argv "C:\\Program Files\\nodejs\\node.exe" "C:\\Program Files\\nodejs\\node_modules\\npm\\bin\\npm-cli.js" "install"
60 error node v4.4.5
61 error npm  v2.15.5
62 error code ELIFECYCLE
63 error AngularJSTutorial@0.0.0 postinstall: `bower install`
63 error Exit status 1
64 error Failed at the AngularJSTutorial@0.0.0 postinstall script 'bower install'.
64 error This is most likely a problem with the AngularJSTutorial package,
64 error not with npm itself.
64 error Tell the author that this fails on your system:
64 error     bower install
64 error You can get information on how to open an issue for this project with:
64 error     npm bugs AngularJSTutorial
64 error Or if that isn't available, you can get their info via:
64 error
64 error     npm owner ls AngularJSTutorial
64 error There is likely additional logging output above.
65 verbose exit [ 1, true ]
